<?xml version="1.0" encoding="UTF-8"?>
<testsuite xmlns:xsi="http://www.w3.org/2001/XMLSchema-instance" xsi:noNamespaceSchemaLocation="https://maven.apache.org/surefire/maven-surefire-plugin/xsd/surefire-test-report-3.0.xsd" version="3.0" name="TestSuite" time="23.107" tests="12" errors="0" skipped="0" failures="1">
  <properties>
    <property name="sun.desktop" value="windows"/>
    <property name="awt.toolkit" value="sun.awt.windows.WToolkit"/>
    <property name="java.specification.version" value="11"/>
    <property name="sun.cpu.isalist" value="amd64"/>
    <property name="sun.jnu.encoding" value="Cp1252"/>
    <property name="java.class.path" value="G:\RestAssured\RestAssuredTestNGFramework\target\test-classes;G:\RestAssured\RestAssuredTestNGFramework\target\classes;C:\Users\my.tra.nguyen\.m2\repository\io\rest-assured\rest-assured\5.3.2\rest-assured-5.3.2.jar;C:\Users\my.tra.nguyen\.m2\repository\org\apache\groovy\groovy\4.0.11\groovy-4.0.11.jar;C:\Users\my.tra.nguyen\.m2\repository\org\apache\groovy\groovy-xml\4.0.11\groovy-xml-4.0.11.jar;C:\Users\my.tra.nguyen\.m2\repository\org\apache\httpcomponents\httpclient\4.5.13\httpclient-4.5.13.jar;C:\Users\my.tra.nguyen\.m2\repository\org\apache\httpcomponents\httpcore\4.4.13\httpcore-4.4.13.jar;C:\Users\my.tra.nguyen\.m2\repository\commons-logging\commons-logging\1.2\commons-logging-1.2.jar;C:\Users\my.tra.nguyen\.m2\repository\commons-codec\commons-codec\1.11\commons-codec-1.11.jar;C:\Users\my.tra.nguyen\.m2\repository\org\apache\httpcomponents\httpmime\4.5.13\httpmime-4.5.13.jar;C:\Users\my.tra.nguyen\.m2\repository\org\hamcrest\hamcrest\2.2\hamcrest-2.2.jar;C:\Users\my.tra.nguyen\.m2\repository\org\ccil\cowan\tagsoup\tagsoup\1.2.1\tagsoup-1.2.1.jar;C:\Users\my.tra.nguyen\.m2\repository\io\rest-assured\json-path\5.3.2\json-path-5.3.2.jar;C:\Users\my.tra.nguyen\.m2\repository\org\apache\groovy\groovy-json\4.0.11\groovy-json-4.0.11.jar;C:\Users\my.tra.nguyen\.m2\repository\io\rest-assured\rest-assured-common\5.3.2\rest-assured-common-5.3.2.jar;C:\Users\my.tra.nguyen\.m2\repository\io\rest-assured\xml-path\5.3.2\xml-path-5.3.2.jar;C:\Users\my.tra.nguyen\.m2\repository\org\testng\testng\7.8.0\testng-7.8.0.jar;C:\Users\my.tra.nguyen\.m2\repository\org\slf4j\slf4j-api\1.7.36\slf4j-api-1.7.36.jar;C:\Users\my.tra.nguyen\.m2\repository\com\beust\jcommander\1.82\jcommander-1.82.jar;C:\Users\my.tra.nguyen\.m2\repository\org\webjars\jquery\3.6.1\jquery-3.6.1.jar;C:\Users\my.tra.nguyen\.m2\repository\com\fasterxml\jackson\core\jackson-databind\2.15.3\jackson-databind-2.15.3.jar;C:\Users\my.tra.nguyen\.m2\repository\com\fasterxml\jackson\core\jackson-annotations\2.15.3\jackson-annotations-2.15.3.jar;C:\Users\my.tra.nguyen\.m2\repository\com\fasterxml\jackson\core\jackson-core\2.15.3\jackson-core-2.15.3.jar;C:\Users\my.tra.nguyen\.m2\repository\org\skyscreamer\jsonassert\1.5.1\jsonassert-1.5.1.jar;C:\Users\my.tra.nguyen\.m2\repository\com\vaadin\external\google\android-json\0.0.20131108.vaadin1\android-json-0.0.20131108.vaadin1.jar;C:\Users\my.tra.nguyen\.m2\repository\org\projectlombok\lombok\1.18.30\lombok-1.18.30.jar;C:\Users\my.tra.nguyen\.m2\repository\io\qameta\allure\allure-testng\2.24.0\allure-testng-2.24.0.jar;C:\Users\my.tra.nguyen\.m2\repository\io\qameta\allure\allure-java-commons\2.24.0\allure-java-commons-2.24.0.jar;C:\Users\my.tra.nguyen\.m2\repository\io\qameta\allure\allure-model\2.24.0\allure-model-2.24.0.jar;C:\Users\my.tra.nguyen\.m2\repository\io\qameta\allure\allure-test-filter\2.24.0\allure-test-filter-2.24.0.jar;C:\Users\my.tra.nguyen\.m2\repository\io\qameta\allure\allure-rest-assured\2.24.0\allure-rest-assured-2.24.0.jar;C:\Users\my.tra.nguyen\.m2\repository\io\qameta\allure\allure-attachments\2.24.0\allure-attachments-2.24.0.jar;C:\Users\my.tra.nguyen\.m2\repository\org\freemarker\freemarker\2.3.31\freemarker-2.3.31.jar;C:\Users\my.tra.nguyen\.m2\repository\com\github\javafaker\javafaker\1.0.2\javafaker-1.0.2.jar;C:\Users\my.tra.nguyen\.m2\repository\org\apache\commons\commons-lang3\3.5\commons-lang3-3.5.jar;C:\Users\my.tra.nguyen\.m2\repository\org\yaml\snakeyaml\1.23\snakeyaml-1.23-android.jar;C:\Users\my.tra.nguyen\.m2\repository\com\github\mifmif\generex\1.0.2\generex-1.0.2.jar;C:\Users\my.tra.nguyen\.m2\repository\dk\brics\automaton\automaton\1.11-8\automaton-1.11-8.jar;C:\Users\my.tra.nguyen\.m2\repository\com\google\code\gson\gson\2.10.1\gson-2.10.1.jar;"/>
    <property name="java.vm.vendor" value="Amazon.com Inc."/>
    <property name="sun.arch.data.model" value="64"/>
    <property name="user.variant" value=""/>
    <property name="java.vendor.url" value="https://aws.amazon.com/corretto/"/>
    <property name="user.timezone" value="Asia/Saigon"/>
    <property name="java.vm.specification.version" value="11"/>
    <property name="os.name" value="Windows 10"/>
    <property name="sun.java.launcher" value="SUN_STANDARD"/>
    <property name="user.country" value="US"/>
    <property name="sun.boot.library.path" value="C:\Program Files\Amazon Corretto\jdk11.0.21_9\bin"/>
    <property name="sun.java.command" value="C:\Users\my.tra.nguyen\AppData\Local\Temp\surefire978131364261357359\surefirebooter-20240229160649298_3.jar C:\Users\my.tra.nguyen\AppData\Local\Temp\surefire978131364261357359 2024-02-29T16-06-48_967-jvmRun1 surefire-20240229160649298_1tmp surefire_0-20240229160649298_2tmp"/>
    <property name="jdk.debug" value="release"/>
    <property name="surefire.test.class.path" value="G:\RestAssured\RestAssuredTestNGFramework\target\test-classes;G:\RestAssured\RestAssuredTestNGFramework\target\classes;C:\Users\my.tra.nguyen\.m2\repository\io\rest-assured\rest-assured\5.3.2\rest-assured-5.3.2.jar;C:\Users\my.tra.nguyen\.m2\repository\org\apache\groovy\groovy\4.0.11\groovy-4.0.11.jar;C:\Users\my.tra.nguyen\.m2\repository\org\apache\groovy\groovy-xml\4.0.11\groovy-xml-4.0.11.jar;C:\Users\my.tra.nguyen\.m2\repository\org\apache\httpcomponents\httpclient\4.5.13\httpclient-4.5.13.jar;C:\Users\my.tra.nguyen\.m2\repository\org\apache\httpcomponents\httpcore\4.4.13\httpcore-4.4.13.jar;C:\Users\my.tra.nguyen\.m2\repository\commons-logging\commons-logging\1.2\commons-logging-1.2.jar;C:\Users\my.tra.nguyen\.m2\repository\commons-codec\commons-codec\1.11\commons-codec-1.11.jar;C:\Users\my.tra.nguyen\.m2\repository\org\apache\httpcomponents\httpmime\4.5.13\httpmime-4.5.13.jar;C:\Users\my.tra.nguyen\.m2\repository\org\hamcrest\hamcrest\2.2\hamcrest-2.2.jar;C:\Users\my.tra.nguyen\.m2\repository\org\ccil\cowan\tagsoup\tagsoup\1.2.1\tagsoup-1.2.1.jar;C:\Users\my.tra.nguyen\.m2\repository\io\rest-assured\json-path\5.3.2\json-path-5.3.2.jar;C:\Users\my.tra.nguyen\.m2\repository\org\apache\groovy\groovy-json\4.0.11\groovy-json-4.0.11.jar;C:\Users\my.tra.nguyen\.m2\repository\io\rest-assured\rest-assured-common\5.3.2\rest-assured-common-5.3.2.jar;C:\Users\my.tra.nguyen\.m2\repository\io\rest-assured\xml-path\5.3.2\xml-path-5.3.2.jar;C:\Users\my.tra.nguyen\.m2\repository\org\testng\testng\7.8.0\testng-7.8.0.jar;C:\Users\my.tra.nguyen\.m2\repository\org\slf4j\slf4j-api\1.7.36\slf4j-api-1.7.36.jar;C:\Users\my.tra.nguyen\.m2\repository\com\beust\jcommander\1.82\jcommander-1.82.jar;C:\Users\my.tra.nguyen\.m2\repository\org\webjars\jquery\3.6.1\jquery-3.6.1.jar;C:\Users\my.tra.nguyen\.m2\repository\com\fasterxml\jackson\core\jackson-databind\2.15.3\jackson-databind-2.15.3.jar;C:\Users\my.tra.nguyen\.m2\repository\com\fasterxml\jackson\core\jackson-annotations\2.15.3\jackson-annotations-2.15.3.jar;C:\Users\my.tra.nguyen\.m2\repository\com\fasterxml\jackson\core\jackson-core\2.15.3\jackson-core-2.15.3.jar;C:\Users\my.tra.nguyen\.m2\repository\org\skyscreamer\jsonassert\1.5.1\jsonassert-1.5.1.jar;C:\Users\my.tra.nguyen\.m2\repository\com\vaadin\external\google\android-json\0.0.20131108.vaadin1\android-json-0.0.20131108.vaadin1.jar;C:\Users\my.tra.nguyen\.m2\repository\org\projectlombok\lombok\1.18.30\lombok-1.18.30.jar;C:\Users\my.tra.nguyen\.m2\repository\io\qameta\allure\allure-testng\2.24.0\allure-testng-2.24.0.jar;C:\Users\my.tra.nguyen\.m2\repository\io\qameta\allure\allure-java-commons\2.24.0\allure-java-commons-2.24.0.jar;C:\Users\my.tra.nguyen\.m2\repository\io\qameta\allure\allure-model\2.24.0\allure-model-2.24.0.jar;C:\Users\my.tra.nguyen\.m2\repository\io\qameta\allure\allure-test-filter\2.24.0\allure-test-filter-2.24.0.jar;C:\Users\my.tra.nguyen\.m2\repository\io\qameta\allure\allure-rest-assured\2.24.0\allure-rest-assured-2.24.0.jar;C:\Users\my.tra.nguyen\.m2\repository\io\qameta\allure\allure-attachments\2.24.0\allure-attachments-2.24.0.jar;C:\Users\my.tra.nguyen\.m2\repository\org\freemarker\freemarker\2.3.31\freemarker-2.3.31.jar;C:\Users\my.tra.nguyen\.m2\repository\com\github\javafaker\javafaker\1.0.2\javafaker-1.0.2.jar;C:\Users\my.tra.nguyen\.m2\repository\org\apache\commons\commons-lang3\3.5\commons-lang3-3.5.jar;C:\Users\my.tra.nguyen\.m2\repository\org\yaml\snakeyaml\1.23\snakeyaml-1.23-android.jar;C:\Users\my.tra.nguyen\.m2\repository\com\github\mifmif\generex\1.0.2\generex-1.0.2.jar;C:\Users\my.tra.nguyen\.m2\repository\dk\brics\automaton\automaton\1.11-8\automaton-1.11-8.jar;C:\Users\my.tra.nguyen\.m2\repository\com\google\code\gson\gson\2.10.1\gson-2.10.1.jar;"/>
    <property name="sun.cpu.endian" value="little"/>
    <property name="user.home" value="C:\Users\my.tra.nguyen"/>
    <property name="user.language" value="en"/>
    <property name="java.specification.vendor" value="Oracle Corporation"/>
    <property name="java.version.date" value="2023-10-17"/>
    <property name="java.home" value="C:\Program Files\Amazon Corretto\jdk11.0.21_9"/>
    <property name="file.separator" value="\"/>
    <property name="basedir" value="G:\RestAssured\RestAssuredTestNGFramework"/>
    <property name="java.vm.compressedOopsMode" value="32-bit"/>
    <property name="line.separator" value="&#10;"/>
    <property name="suitefile" value="src/test/resources/suite.testng.xml"/>
    <property name="java.specification.name" value="Java Platform API Specification"/>
    <property name="java.vm.specification.vendor" value="Oracle Corporation"/>
    <property name="java.awt.graphicsenv" value="sun.awt.Win32GraphicsEnvironment"/>
    <property name="surefire.real.class.path" value="C:\Users\my.tra.nguyen\AppData\Local\Temp\surefire978131364261357359\surefirebooter-20240229160649298_3.jar"/>
    <property name="user.script" value=""/>
    <property name="sun.management.compiler" value="HotSpot 64-Bit Tiered Compilers"/>
    <property name="java.runtime.version" value="11.0.21+9-LTS"/>
    <property name="user.name" value="my.tra.nguyen"/>
    <property name="path.separator" value=";"/>
    <property name="os.version" value="10.0"/>
    <property name="java.runtime.name" value="OpenJDK Runtime Environment"/>
    <property name="file.encoding" value="Cp1252"/>
    <property name="java.vm.name" value="OpenJDK 64-Bit Server VM"/>
    <property name="java.vendor.version" value="Corretto-11.0.21.9.1"/>
    <property name="localRepository" value="C:\Users\my.tra.nguyen\.m2\repository"/>
    <property name="java.vendor.url.bug" value="https://github.com/corretto/corretto-11/issues/"/>
    <property name="java.io.tmpdir" value="C:\Users\MYTRA~1.NGU\AppData\Local\Temp\"/>
    <property name="java.version" value="11.0.21"/>
    <property name="user.dir" value="G:\RestAssured\RestAssuredTestNGFramework"/>
    <property name="os.arch" value="amd64"/>
    <property name="java.vm.specification.name" value="Java Virtual Machine Specification"/>
    <property name="java.awt.printerjob" value="sun.awt.windows.WPrinterJob"/>
    <property name="sun.os.patch.level" value=""/>
    <property name="java.library.path" value="C:\Program Files\Amazon Corretto\jdk11.0.21_9\bin;C:\Windows\Sun\Java\bin;C:\Windows\system32;C:\Windows;C:\Program Files\Git\mingw64\bin;C:\Program Files\Git\usr\bin;C:\Users\my.tra.nguyen\bin;C:\Program Files\Python38\Scripts;C:\Program Files\Python38;C:\Program Files\Amazon Corretto\jdk11.0.21_9\bin;C:\Windows\system32;C:\Windows;C:\Windows\System32\Wbem;C:\Windows\System32\WindowsPowerShell\v1.0;C:\Windows\System32\OpenSSH;C:\Program Files\Git\cmd;G:\tools\apache-maven-3.9.6-bin\apache-maven-3.9.6\bin;C:\Program Files\Amazon Corretto\jdk11.0.21_9\bin;C:\Program Files\Docker\Docker\resources\bin;C:\Program Files\Amazon\AWSCLIV2;C:\Users\my.tra.nguyen\AppData\Roaming\Python\Python38\Scripts;G:\tools\protoc-3.12.4-win64\bin;C:\Program Files\Certbot\bin;C:\Program Files\PuTTY;C:\Users\my.tra.nguyen\AppData\Local\anaconda3\Scripts;C:\Program Files\nodejs;C:\Users\my.tra.nguyen\AppData\Local\Programs\Python\Launcher;C:\Users\my.tra.nguyen\AppData\Local\Microsoft\WindowsApps;G:\tools\apache-maven-3.9.6-bin\apache-maven-3.9.6\bin;C:\Users\my.tra.nguyen\AppData\Roaming\Python\Python38\Scripts;G:\tools\protoc-3.12.4-win64\bin;C:\Users\my.tra.nguyen\AppData\Local\anaconda3\Scripts;C:\Users\my.tra.nguyen\AppData\Roaming\npm;."/>
    <property name="java.vm.info" value="mixed mode"/>
    <property name="java.vendor" value="Amazon.com Inc."/>
    <property name="java.vm.version" value="11.0.21+9-LTS"/>
    <property name="java.specification.maintenance.version" value="2"/>
    <property name="sun.io.unicode.encoding" value="UnicodeLittle"/>
    <property name="java.class.version" value="55.0"/>
  </properties>
  <testcase name="createBoard" classname="com.trello.tests.TrelloAPIs" time="3.354">
    <system-out><![CDATA[HTTP/1.1 200 OK
Date: Thu, 29 Feb 2024 09:06:09 GMT
Content-Type: application/json; charset=utf-8
Content-Length: 3461
Referrer-Policy: strict-origin-when-cross-origin
X-Dns-Prefetch-Control: off
X-Download-Options: noopen
X-Frame-Options: DENY
X-Permitted-Cross-Domain-Policies: none
Surrogate-Control: no-store
Cache-Control: max-age=0, must-revalidate, no-cache, no-store
Expires: Thu, 01 Jan 1970 00:00:00
X-Trello-Version: 1.260326.0
X-Trello-Environment: Production
Access-Control-Allow-Origin: *
Access-Control-Allow-Methods: GET, PUT, POST, DELETE
Access-Control-Allow-Headers: Authorization, Accept, Content-Type
Access-Control-Expose-Headers: x-rate-limit-api-key-interval-ms, x-rate-limit-api-key-max, x-rate-limit-api-key-remaining, x-rate-limit-api-token-interval-ms, x-rate-limit-api-token-max, x-rate-limit-api-token-remaining
X-Rate-Limit-Db-Query-Time-Interval-Ms: 600000
X-Rate-Limit-Db-Query-Time-Max: 7200000
X-Rate-Limit-Db-Query-Time-Remaining: 7199990
X-Rate-Limit-Api-Token-Interval-Ms: 10000
X-Rate-Limit-Api-Token-Max: 100
X-Rate-Limit-Api-Token-Remaining: 99
X-Rate-Limit-Api-Key-Interval-Ms: 10000
X-Rate-Limit-Api-Key-Max: 300
X-Rate-Limit-Api-Key-Remaining: 299
X-Rate-Limit-Member-Interval-Ms: 10000
X-Rate-Limit-Member-Max: 375
X-Rate-Limit-Member-Remaining: 374
X-Server-Time: 1709197569322
X-Trello-Api-Org-Selected: true
Server: AtlassianEdge
X-Content-Type-Options: nosniff
X-Xss-Protection: 1; mode=block
Atl-Traceid: 7966b7f7897f4d47a6dc9c1a2d705ec4
Report-To: {"endpoints": [{"url": "https://dz8aopenkvv6s.cloudfront.net"}], "group": "endpoint-1", "include_subdomains": true, "max_age": 600}
Nel: {"failure_fraction": 0.001, "include_subdomains": true, "max_age": 600, "report_to": "endpoint-1"}
Strict-Transport-Security: max-age=63072000; preload

{
    "id": "65e049014f7233058afa084a",
    "name": "Robin Meeblind",
    "desc": "",
    "descData": null,
    "closed": false,
    "idOrganization": "65cf8c1e96387defbdc819aa",
    "idEnterprise": null,
    "pinned": false,
    "url": "https://trello.com/b/Rf7Kmn1U/robin-meeblind",
    "shortUrl": "https://trello.com/b/Rf7Kmn1U",
    "prefs": {
        "permissionLevel": "private",
        "hideVotes": false,
        "voting": "disabled",
        "comments": "members",
        "invitations": "members",
        "selfJoin": true,
        "cardCovers": true,
        "cardCounts": false,
        "isTemplate": false,
        "cardAging": "regular",
        "calendarFeedEnabled": false,
        "hiddenPluginBoardButtons": [
            
        ],
        "switcherViews": [
            {
                "viewType": "Board",
                "enabled": true
            },
            {
                "viewType": "Table",
                "enabled": true
            },
            {
                "viewType": "Calendar",
                "enabled": false
            },
            {
                "viewType": "Dashboard",
                "enabled": false
            },
            {
                "viewType": "Timeline",
                "enabled": false
            },
            {
                "viewType": "Map",
                "enabled": false
            }
        ],
        "background": "63f4a900c47e16d9d3f05ef7",
        "backgroundColor": null,
        "backgroundImage": "https://trello-backgrounds.s3.amazonaws.com/SharedBackground/original/18e425e4d66e20a48a2030271a79ae05/photo-1676694090990-b9e29828fdd3",
        "backgroundTile": false,
        "backgroundBrightness": "light",
        "backgroundImageScaled": [
            {
                "width": 140,
                "height": 100,
                "url": "https://trello-backgrounds.s3.amazonaws.com/SharedBackground/140x100/d370fa9b15b0602455c7795dde013cd1/photo-1676694090990-b9e29828fdd3.jpg"
            },
            {
                "width": 256,
                "height": 183,
                "url": "https://trello-backgrounds.s3.amazonaws.com/SharedBackground/256x183/d370fa9b15b0602455c7795dde013cd1/photo-1676694090990-b9e29828fdd3.jpg"
            },
            {
                "width": 480,
                "height": 343,
                "url": "https://trello-backgrounds.s3.amazonaws.com/SharedBackground/480x343/d370fa9b15b0602455c7795dde013cd1/photo-1676694090990-b9e29828fdd3.jpg"
            },
            {
                "width": 960,
                "height": 686,
                "url": "https://trello-backgrounds.s3.amazonaws.com/SharedBackground/960x686/d370fa9b15b0602455c7795dde013cd1/photo-1676694090990-b9e29828fdd3.jpg"
            },
            {
                "width": 1024,
                "height": 732,
                "url": "https://trello-backgrounds.s3.amazonaws.com/SharedBackground/1024x732/d370fa9b15b0602455c7795dde013cd1/photo-1676694090990-b9e29828fdd3.jpg"
            },
            {
                "width": 1280,
                "height": 915,
                "url": "https://trello-backgrounds.s3.amazonaws.com/SharedBackground/1280x915/d370fa9b15b0602455c7795dde013cd1/photo-1676694090990-b9e29828fdd3.jpg"
            },
            {
                "width": 1920,
                "height": 1372,
                "url": "https://trello-backgrounds.s3.amazonaws.com/SharedBackground/1920x1372/d370fa9b15b0602455c7795dde013cd1/photo-1676694090990-b9e29828fdd3.jpg"
            },
            {
                "width": 2048,
                "height": 1463,
                "url": "https://trello-backgrounds.s3.amazonaws.com/SharedBackground/2048x1463/d370fa9b15b0602455c7795dde013cd1/photo-1676694090990-b9e29828fdd3.jpg"
            },
            {
                "width": 2239,
                "height": 1600,
                "url": "https://trello-backgrounds.s3.amazonaws.com/SharedBackground/2239x1600/d370fa9b15b0602455c7795dde013cd1/photo-1676694090990-b9e29828fdd3.jpg"
            },
            {
                "width": 2560,
                "height": 1829,
                "url": "https://trello-backgrounds.s3.amazonaws.com/SharedBackground/original/18e425e4d66e20a48a2030271a79ae05/photo-1676694090990-b9e29828fdd3"
            }
        ],
        "backgroundBottomColor": "#c0906c",
        "backgroundTopColor": "#bcbcbc",
        "canBePublic": true,
        "canBeEnterprise": true,
        "canBeOrg": true,
        "canBePrivate": true,
        "canInvite": true
    },
    "labelNames": {
        "green": "",
        "yellow": "",
        "orange": "",
        "red": "",
        "purple": "",
        "blue": "",
        "sky": "",
        "lime": "",
        "pink": "",
        "black": "",
        "green_dark": "",
        "yellow_dark": "",
        "orange_dark": "",
        "red_dark": "",
        "purple_dark": "",
        "blue_dark": "",
        "sky_dark": "",
        "lime_dark": "",
        "pink_dark": "",
        "black_dark": "",
        "green_light": "",
        "yellow_light": "",
        "orange_light": "",
        "red_light": "",
        "purple_light": "",
        "blue_light": "",
        "sky_light": "",
        "lime_light": "",
        "pink_light": "",
        "black_light": ""
    },
    "limits": {
        
    }
}
]]></system-out>
    <system-err><![CDATA[SLF4J: Failed to load class "org.slf4j.impl.StaticLoggerBinder".
SLF4J: Defaulting to no-operation (NOP) logger implementation
SLF4J: See http://www.slf4j.org/codes.html#StaticLoggerBinder for further details.
]]></system-err>
  </testcase>
  <testcase name="getCreatedBoard" classname="com.trello.tests.TrelloAPIs" time="1.844">
    <system-out><![CDATA[HTTP/1.1 200 OK
Date: Thu, 29 Feb 2024 09:06:11 GMT
Content-Type: application/json; charset=utf-8
Content-Length: 3449
Referrer-Policy: strict-origin-when-cross-origin
X-Dns-Prefetch-Control: off
X-Download-Options: noopen
X-Frame-Options: DENY
X-Permitted-Cross-Domain-Policies: none
Surrogate-Control: no-store
Cache-Control: max-age=0, must-revalidate, no-cache, no-store
Expires: Thu, 01 Jan 1970 00:00:00
X-Trello-Version: 1.260326.0
X-Trello-Environment: Production
Set-Cookie: dsc=6ea796ea3760a34f4017db258566eb7cfe4cf33ca13f5ca87cb1170e5061072f; Path=/; Expires=Thu, 14 Mar 2024 09:06:11 GMT; Secure; SameSite=None
Access-Control-Allow-Origin: *
Access-Control-Allow-Methods: GET, PUT, POST, DELETE
Access-Control-Allow-Headers: Authorization, Accept, Content-Type
Access-Control-Expose-Headers: x-rate-limit-api-key-interval-ms, x-rate-limit-api-key-max, x-rate-limit-api-key-remaining, x-rate-limit-api-token-interval-ms, x-rate-limit-api-token-max, x-rate-limit-api-token-remaining
X-Rate-Limit-Db-Query-Time-Interval-Ms: 600000
X-Rate-Limit-Db-Query-Time-Max: 7200000
X-Rate-Limit-Db-Query-Time-Remaining: 7199990
X-Rate-Limit-Api-Token-Interval-Ms: 10000
X-Rate-Limit-Api-Token-Max: 100
X-Rate-Limit-Api-Token-Remaining: 99
X-Rate-Limit-Api-Key-Interval-Ms: 10000
X-Rate-Limit-Api-Key-Max: 300
X-Rate-Limit-Api-Key-Remaining: 299
X-Rate-Limit-Member-Interval-Ms: 10000
X-Rate-Limit-Member-Max: 375
X-Rate-Limit-Member-Remaining: 374
X-Server-Time: 1709197571124
Server: AtlassianEdge
X-Content-Type-Options: nosniff
X-Xss-Protection: 1; mode=block
Atl-Traceid: 3a8081bfa7de476baa6112b93fddd67a
Report-To: {"endpoints": [{"url": "https://dz8aopenkvv6s.cloudfront.net"}], "group": "endpoint-1", "include_subdomains": true, "max_age": 600}
Nel: {"failure_fraction": 0.001, "include_subdomains": true, "max_age": 600, "report_to": "endpoint-1"}
Strict-Transport-Security: max-age=63072000; preload

{
    "id": "65e049014f7233058afa084a",
    "name": "Robin Meeblind",
    "desc": "",
    "descData": null,
    "closed": false,
    "idOrganization": "65cf8c1e96387defbdc819aa",
    "idEnterprise": null,
    "pinned": false,
    "url": "https://trello.com/b/Rf7Kmn1U/robin-meeblind",
    "shortUrl": "https://trello.com/b/Rf7Kmn1U",
    "prefs": {
        "permissionLevel": "private",
        "hideVotes": false,
        "voting": "disabled",
        "comments": "members",
        "invitations": "members",
        "selfJoin": true,
        "cardCovers": true,
        "cardCounts": false,
        "isTemplate": false,
        "cardAging": "regular",
        "calendarFeedEnabled": false,
        "hiddenPluginBoardButtons": [
            
        ],
        "switcherViews": [
            {
                "viewType": "Board",
                "enabled": true
            },
            {
                "viewType": "Table",
                "enabled": true
            },
            {
                "viewType": "Calendar",
                "enabled": false
            },
            {
                "viewType": "Dashboard",
                "enabled": false
            },
            {
                "viewType": "Timeline",
                "enabled": false
            },
            {
                "viewType": "Map",
                "enabled": false
            }
        ],
        "background": "63f4a900c47e16d9d3f05ef7",
        "backgroundColor": null,
        "backgroundImage": "https://trello-backgrounds.s3.amazonaws.com/SharedBackground/original/18e425e4d66e20a48a2030271a79ae05/photo-1676694090990-b9e29828fdd3",
        "backgroundTile": false,
        "backgroundBrightness": "light",
        "backgroundImageScaled": [
            {
                "width": 140,
                "height": 100,
                "url": "https://trello-backgrounds.s3.amazonaws.com/SharedBackground/140x100/d370fa9b15b0602455c7795dde013cd1/photo-1676694090990-b9e29828fdd3.jpg"
            },
            {
                "width": 256,
                "height": 183,
                "url": "https://trello-backgrounds.s3.amazonaws.com/SharedBackground/256x183/d370fa9b15b0602455c7795dde013cd1/photo-1676694090990-b9e29828fdd3.jpg"
            },
            {
                "width": 480,
                "height": 343,
                "url": "https://trello-backgrounds.s3.amazonaws.com/SharedBackground/480x343/d370fa9b15b0602455c7795dde013cd1/photo-1676694090990-b9e29828fdd3.jpg"
            },
            {
                "width": 960,
                "height": 686,
                "url": "https://trello-backgrounds.s3.amazonaws.com/SharedBackground/960x686/d370fa9b15b0602455c7795dde013cd1/photo-1676694090990-b9e29828fdd3.jpg"
            },
            {
                "width": 1024,
                "height": 732,
                "url": "https://trello-backgrounds.s3.amazonaws.com/SharedBackground/1024x732/d370fa9b15b0602455c7795dde013cd1/photo-1676694090990-b9e29828fdd3.jpg"
            },
            {
                "width": 1280,
                "height": 915,
                "url": "https://trello-backgrounds.s3.amazonaws.com/SharedBackground/1280x915/d370fa9b15b0602455c7795dde013cd1/photo-1676694090990-b9e29828fdd3.jpg"
            },
            {
                "width": 1920,
                "height": 1372,
                "url": "https://trello-backgrounds.s3.amazonaws.com/SharedBackground/1920x1372/d370fa9b15b0602455c7795dde013cd1/photo-1676694090990-b9e29828fdd3.jpg"
            },
            {
                "width": 2048,
                "height": 1463,
                "url": "https://trello-backgrounds.s3.amazonaws.com/SharedBackground/2048x1463/d370fa9b15b0602455c7795dde013cd1/photo-1676694090990-b9e29828fdd3.jpg"
            },
            {
                "width": 2239,
                "height": 1600,
                "url": "https://trello-backgrounds.s3.amazonaws.com/SharedBackground/2239x1600/d370fa9b15b0602455c7795dde013cd1/photo-1676694090990-b9e29828fdd3.jpg"
            },
            {
                "width": 2560,
                "height": 1829,
                "url": "https://trello-backgrounds.s3.amazonaws.com/SharedBackground/original/18e425e4d66e20a48a2030271a79ae05/photo-1676694090990-b9e29828fdd3"
            }
        ],
        "backgroundBottomColor": "#c0906c",
        "backgroundTopColor": "#bcbcbc",
        "canBePublic": true,
        "canBeEnterprise": true,
        "canBeOrg": true,
        "canBePrivate": true,
        "canInvite": true
    },
    "labelNames": {
        "green": "",
        "yellow": "",
        "orange": "",
        "red": "",
        "purple": "",
        "blue": "",
        "sky": "",
        "lime": "",
        "pink": "",
        "black": "",
        "green_dark": "",
        "yellow_dark": "",
        "orange_dark": "",
        "red_dark": "",
        "purple_dark": "",
        "blue_dark": "",
        "sky_dark": "",
        "lime_dark": "",
        "pink_dark": "",
        "black_dark": "",
        "green_light": "",
        "yellow_light": "",
        "orange_light": "",
        "red_light": "",
        "purple_light": "",
        "blue_light": "",
        "sky_light": "",
        "lime_light": "",
        "pink_light": "",
        "black_light": ""
    }
}
]]></system-out>
  </testcase>
  <testcase name="getMembershipsOfABoard" classname="com.trello.tests.TrelloAPIs" time="1.065">
    <system-out><![CDATA[HTTP/1.1 200 OK
Date: Thu, 29 Feb 2024 09:06:12 GMT
Content-Type: application/json; charset=utf-8
Content-Length: 134
Referrer-Policy: strict-origin-when-cross-origin
X-Dns-Prefetch-Control: off
X-Download-Options: noopen
X-Frame-Options: DENY
X-Permitted-Cross-Domain-Policies: none
Surrogate-Control: no-store
Cache-Control: max-age=0, must-revalidate, no-cache, no-store
Expires: Thu, 01 Jan 1970 00:00:00
X-Trello-Version: 1.260326.0
X-Trello-Environment: Production
Set-Cookie: dsc=7c7e6edf480a61bda9d84d52b0a0aeda314fb6623c3e7074a619ae6811839695; Path=/; Expires=Thu, 14 Mar 2024 09:06:12 GMT; Secure; SameSite=None
Access-Control-Allow-Origin: *
Access-Control-Allow-Methods: GET, PUT, POST, DELETE
Access-Control-Allow-Headers: Authorization, Accept, Content-Type
Access-Control-Expose-Headers: x-rate-limit-api-key-interval-ms, x-rate-limit-api-key-max, x-rate-limit-api-key-remaining, x-rate-limit-api-token-interval-ms, x-rate-limit-api-token-max, x-rate-limit-api-token-remaining
X-Rate-Limit-Db-Query-Time-Interval-Ms: 600000
X-Rate-Limit-Db-Query-Time-Max: 7200000
X-Rate-Limit-Db-Query-Time-Remaining: 7199990
X-Rate-Limit-Api-Token-Interval-Ms: 10000
X-Rate-Limit-Api-Token-Max: 100
X-Rate-Limit-Api-Token-Remaining: 98
X-Rate-Limit-Api-Key-Interval-Ms: 10000
X-Rate-Limit-Api-Key-Max: 300
X-Rate-Limit-Api-Key-Remaining: 298
X-Rate-Limit-Member-Interval-Ms: 10000
X-Rate-Limit-Member-Max: 375
X-Rate-Limit-Member-Remaining: 373
X-Server-Time: 1709197572914
Server: AtlassianEdge
X-Content-Type-Options: nosniff
X-Xss-Protection: 1; mode=block
Atl-Traceid: 9c7d1a619d2941749f829e6126449e42
Report-To: {"endpoints": [{"url": "https://dz8aopenkvv6s.cloudfront.net"}], "group": "endpoint-1", "include_subdomains": true, "max_age": 600}
Nel: {"failure_fraction": 0.001, "include_subdomains": true, "max_age": 600, "report_to": "endpoint-1"}
Strict-Transport-Security: max-age=63072000; preload

[
    {
        "idMember": "65cf8bfdd3de4c2ed2bc952b",
        "memberType": "admin",
        "unconfirmed": false,
        "deactivated": false,
        "id": "65e049014f7233058afa0860"
    }
]
]]></system-out>
  </testcase>
  <testcase name="getAFieldOnABoard[idMemberCreator](1)" classname="com.trello.tests.TrelloAPIs" time="1.27">
    <system-out><![CDATA[HTTP/1.1 200 OK
Date: Thu, 29 Feb 2024 09:06:14 GMT
Content-Type: application/json; charset=utf-8
Content-Length: 38
Referrer-Policy: strict-origin-when-cross-origin
X-Dns-Prefetch-Control: off
X-Download-Options: noopen
X-Frame-Options: DENY
X-Permitted-Cross-Domain-Policies: none
Surrogate-Control: no-store
Cache-Control: max-age=0, must-revalidate, no-cache, no-store
Expires: Thu, 01 Jan 1970 00:00:00
X-Trello-Version: 1.260326.0
X-Trello-Environment: Production
Set-Cookie: dsc=67763b5e0d6b8114e34944cb556d68be589e832ca233ae401d6624a25c300b80; Path=/; Expires=Thu, 14 Mar 2024 09:06:14 GMT; Secure; SameSite=None
Access-Control-Allow-Origin: *
Access-Control-Allow-Methods: GET, PUT, POST, DELETE
Access-Control-Allow-Headers: Authorization, Accept, Content-Type
Access-Control-Expose-Headers: x-rate-limit-api-key-interval-ms, x-rate-limit-api-key-max, x-rate-limit-api-key-remaining, x-rate-limit-api-token-interval-ms, x-rate-limit-api-token-max, x-rate-limit-api-token-remaining
X-Rate-Limit-Api-Token-Interval-Ms: 10000
X-Rate-Limit-Api-Token-Max: 100
X-Rate-Limit-Api-Token-Remaining: 97
X-Rate-Limit-Db-Query-Time-Interval-Ms: 600000
X-Rate-Limit-Db-Query-Time-Max: 7200000
X-Rate-Limit-Db-Query-Time-Remaining: 7199990
X-Rate-Limit-Api-Key-Interval-Ms: 10000
X-Rate-Limit-Api-Key-Max: 300
X-Rate-Limit-Api-Key-Remaining: 297
X-Rate-Limit-Member-Interval-Ms: 10000
X-Rate-Limit-Member-Max: 375
X-Rate-Limit-Member-Remaining: 372
X-Server-Time: 1709197574237
Server: AtlassianEdge
X-Content-Type-Options: nosniff
X-Xss-Protection: 1; mode=block
Atl-Traceid: 74d99b000d74426fac475733c28a630a
Report-To: {"endpoints": [{"url": "https://dz8aopenkvv6s.cloudfront.net"}], "group": "endpoint-1", "include_subdomains": true, "max_age": 600}
Nel: {"failure_fraction": 0.001, "include_subdomains": true, "max_age": 600, "report_to": "endpoint-1"}
Strict-Transport-Security: max-age=63072000; preload

{
    "_value": "65cf8bfdd3de4c2ed2bc952b"
}
]]></system-out>
  </testcase>
  <testcase name="getAFieldOnABoard[idOrganization](2)" classname="com.trello.tests.TrelloAPIs" time="1.157">
    <system-out><![CDATA[HTTP/1.1 200 OK
Date: Thu, 29 Feb 2024 09:06:15 GMT
Content-Type: application/json; charset=utf-8
Content-Length: 38
Referrer-Policy: strict-origin-when-cross-origin
X-Dns-Prefetch-Control: off
X-Download-Options: noopen
X-Frame-Options: DENY
X-Permitted-Cross-Domain-Policies: none
Surrogate-Control: no-store
Cache-Control: max-age=0, must-revalidate, no-cache, no-store
Expires: Thu, 01 Jan 1970 00:00:00
X-Trello-Version: 1.260326.0
X-Trello-Environment: Production
Set-Cookie: dsc=5e346924aa23e4ec8384edc266a01c8c97f62f869abb8a3b66f4796eab223e64; Path=/; Expires=Thu, 14 Mar 2024 09:06:15 GMT; Secure; SameSite=None
Access-Control-Allow-Origin: *
Access-Control-Allow-Methods: GET, PUT, POST, DELETE
Access-Control-Allow-Headers: Authorization, Accept, Content-Type
Access-Control-Expose-Headers: x-rate-limit-api-key-interval-ms, x-rate-limit-api-key-max, x-rate-limit-api-key-remaining, x-rate-limit-api-token-interval-ms, x-rate-limit-api-token-max, x-rate-limit-api-token-remaining
X-Rate-Limit-Api-Token-Interval-Ms: 10000
X-Rate-Limit-Api-Token-Max: 100
X-Rate-Limit-Api-Token-Remaining: 96
X-Rate-Limit-Db-Query-Time-Interval-Ms: 600000
X-Rate-Limit-Db-Query-Time-Max: 7200000
X-Rate-Limit-Db-Query-Time-Remaining: 7199990
X-Rate-Limit-Api-Key-Interval-Ms: 10000
X-Rate-Limit-Api-Key-Max: 300
X-Rate-Limit-Api-Key-Remaining: 296
X-Rate-Limit-Member-Interval-Ms: 10000
X-Rate-Limit-Member-Max: 375
X-Rate-Limit-Member-Remaining: 371
X-Server-Time: 1709197575375
Server: AtlassianEdge
X-Content-Type-Options: nosniff
X-Xss-Protection: 1; mode=block
Atl-Traceid: b0f8a897406e482fbc540b7f3d06f7c7
Report-To: {"endpoints": [{"url": "https://dz8aopenkvv6s.cloudfront.net"}], "group": "endpoint-1", "include_subdomains": true, "max_age": 600}
Nel: {"failure_fraction": 0.001, "include_subdomains": true, "max_age": 600, "report_to": "endpoint-1"}
Strict-Transport-Security: max-age=63072000; preload

{
    "_value": "65cf8c1e96387defbdc819aa"
}
]]></system-out>
  </testcase>
  <testcase name="getAFieldOnABoard[desc](3)" classname="com.trello.tests.TrelloAPIs" time="1.325">
    <system-out><![CDATA[HTTP/1.1 200 OK
Date: Thu, 29 Feb 2024 09:06:16 GMT
Content-Type: application/json; charset=utf-8
Content-Length: 14
Referrer-Policy: strict-origin-when-cross-origin
X-Dns-Prefetch-Control: off
X-Download-Options: noopen
X-Frame-Options: DENY
X-Permitted-Cross-Domain-Policies: none
Surrogate-Control: no-store
Cache-Control: max-age=0, must-revalidate, no-cache, no-store
Expires: Thu, 01 Jan 1970 00:00:00
X-Trello-Version: 1.260326.0
X-Trello-Environment: Production
Set-Cookie: dsc=9487054bbe29b2af402fa20555e11be94764ed25b8dd3fbca5e9c625994887a7; Path=/; Expires=Thu, 14 Mar 2024 09:06:16 GMT; Secure; SameSite=None
Access-Control-Allow-Origin: *
Access-Control-Allow-Methods: GET, PUT, POST, DELETE
Access-Control-Allow-Headers: Authorization, Accept, Content-Type
Access-Control-Expose-Headers: x-rate-limit-api-key-interval-ms, x-rate-limit-api-key-max, x-rate-limit-api-key-remaining, x-rate-limit-api-token-interval-ms, x-rate-limit-api-token-max, x-rate-limit-api-token-remaining
X-Rate-Limit-Api-Token-Interval-Ms: 10000
X-Rate-Limit-Api-Token-Max: 100
X-Rate-Limit-Api-Token-Remaining: 95
X-Rate-Limit-Db-Query-Time-Interval-Ms: 600000
X-Rate-Limit-Db-Query-Time-Max: 7200000
X-Rate-Limit-Db-Query-Time-Remaining: 7199990
X-Rate-Limit-Api-Key-Interval-Ms: 10000
X-Rate-Limit-Api-Key-Max: 300
X-Rate-Limit-Api-Key-Remaining: 295
X-Rate-Limit-Member-Interval-Ms: 10000
X-Rate-Limit-Member-Max: 375
X-Rate-Limit-Member-Remaining: 370
X-Server-Time: 1709197576707
Server: AtlassianEdge
X-Content-Type-Options: nosniff
X-Xss-Protection: 1; mode=block
Atl-Traceid: fd6ae522dea34912b00bbc4a2fc4653a
Report-To: {"endpoints": [{"url": "https://dz8aopenkvv6s.cloudfront.net"}], "group": "endpoint-1", "include_subdomains": true, "max_age": 600}
Nel: {"failure_fraction": 0.001, "include_subdomains": true, "max_age": 600, "report_to": "endpoint-1"}
Strict-Transport-Security: max-age=63072000; preload

{
    "_value": ""
}
]]></system-out>
  </testcase>
  <testcase name="getAFieldOnABoard[name](4)" classname="com.trello.tests.TrelloAPIs" time="1.008">
    <system-out><![CDATA[HTTP/1.1 200 OK
Date: Thu, 29 Feb 2024 09:06:17 GMT
Content-Type: application/json; charset=utf-8
Content-Length: 28
Referrer-Policy: strict-origin-when-cross-origin
X-Dns-Prefetch-Control: off
X-Download-Options: noopen
X-Frame-Options: DENY
X-Permitted-Cross-Domain-Policies: none
Surrogate-Control: no-store
Cache-Control: max-age=0, must-revalidate, no-cache, no-store
Expires: Thu, 01 Jan 1970 00:00:00
X-Trello-Version: 1.260326.0
X-Trello-Environment: Production
Set-Cookie: dsc=8c133a12de182f764e2c5f0a715e21c4efbd4567c3c81462e948e5ac6b2461a5; Path=/; Expires=Thu, 14 Mar 2024 09:06:17 GMT; Secure; SameSite=None
Access-Control-Allow-Origin: *
Access-Control-Allow-Methods: GET, PUT, POST, DELETE
Access-Control-Allow-Headers: Authorization, Accept, Content-Type
Access-Control-Expose-Headers: x-rate-limit-api-key-interval-ms, x-rate-limit-api-key-max, x-rate-limit-api-key-remaining, x-rate-limit-api-token-interval-ms, x-rate-limit-api-token-max, x-rate-limit-api-token-remaining
X-Rate-Limit-Api-Token-Interval-Ms: 10000
X-Rate-Limit-Api-Token-Max: 100
X-Rate-Limit-Api-Token-Remaining: 94
X-Rate-Limit-Db-Query-Time-Interval-Ms: 600000
X-Rate-Limit-Db-Query-Time-Max: 7200000
X-Rate-Limit-Db-Query-Time-Remaining: 7199990
X-Rate-Limit-Api-Key-Interval-Ms: 10000
X-Rate-Limit-Api-Key-Max: 300
X-Rate-Limit-Api-Key-Remaining: 294
X-Rate-Limit-Member-Interval-Ms: 10000
X-Rate-Limit-Member-Max: 375
X-Rate-Limit-Member-Remaining: 369
X-Server-Time: 1709197577726
Server: AtlassianEdge
X-Content-Type-Options: nosniff
X-Xss-Protection: 1; mode=block
Atl-Traceid: 46f705daf77d445ead4d4df1a7e482e5
Report-To: {"endpoints": [{"url": "https://dz8aopenkvv6s.cloudfront.net"}], "group": "endpoint-1", "include_subdomains": true, "max_age": 600}
Nel: {"failure_fraction": 0.001, "include_subdomains": true, "max_age": 600, "report_to": "endpoint-1"}
Strict-Transport-Security: max-age=63072000; preload

{
    "_value": "Robin Meeblind"
}
]]></system-out>
  </testcase>
  <testcase name="updateABoard" classname="com.trello.tests.TrelloAPIs" time="1.073">
    <failure message="1 expectation failed.&#10;Expected status code &lt;200&gt; but was &lt;401&gt;.&#10;" type="java.lang.AssertionError"><![CDATA[java.lang.AssertionError: 
1 expectation failed.
Expected status code <200> but was <401>.

	at java.base/jdk.internal.reflect.NativeConstructorAccessorImpl.newInstance0(Native Method)
	at java.base/jdk.internal.reflect.NativeConstructorAccessorImpl.newInstance(NativeConstructorAccessorImpl.java:62)
	at java.base/jdk.internal.reflect.DelegatingConstructorAccessorImpl.newInstance(DelegatingConstructorAccessorImpl.java:45)
	at java.base/java.lang.reflect.Constructor.newInstance(Constructor.java:490)
	at org.codehaus.groovy.reflection.CachedConstructor.invoke(CachedConstructor.java:73)
	at org.codehaus.groovy.reflection.CachedConstructor.doConstructorInvoke(CachedConstructor.java:60)
	at org.codehaus.groovy.runtime.callsite.ConstructorSite$ConstructorSiteNoUnwrap.callConstructor(ConstructorSite.java:86)
	at org.codehaus.groovy.runtime.callsite.CallSiteArray.defaultCallConstructor(CallSiteArray.java:57)
	at org.codehaus.groovy.runtime.callsite.AbstractCallSite.callConstructor(AbstractCallSite.java:263)
	at org.codehaus.groovy.runtime.callsite.AbstractCallSite.callConstructor(AbstractCallSite.java:277)
	at io.restassured.internal.ResponseSpecificationImpl$HamcrestAssertionClosure.validate(ResponseSpecificationImpl.groovy:512)
	at io.restassured.internal.ResponseSpecificationImpl$HamcrestAssertionClosure$validate$1.call(Unknown Source)
	at io.restassured.internal.ResponseSpecificationImpl.validateResponseIfRequired(ResponseSpecificationImpl.groovy:696)
	at io.restassured.internal.ResponseSpecificationImpl.this$2$validateResponseIfRequired(ResponseSpecificationImpl.groovy)
	at java.base/jdk.internal.reflect.NativeMethodAccessorImpl.invoke0(Native Method)
	at java.base/jdk.internal.reflect.NativeMethodAccessorImpl.invoke(NativeMethodAccessorImpl.java:62)
	at java.base/jdk.internal.reflect.DelegatingMethodAccessorImpl.invoke(DelegatingMethodAccessorImpl.java:43)
	at java.base/java.lang.reflect.Method.invoke(Method.java:566)
	at org.codehaus.groovy.runtime.callsite.PlainObjectMetaMethodSite.doInvoke(PlainObjectMetaMethodSite.java:43)
	at org.codehaus.groovy.runtime.callsite.PogoMetaMethodSite$PogoCachedMethodSiteNoUnwrapNoCoerce.invoke(PogoMetaMethodSite.java:198)
	at org.codehaus.groovy.runtime.callsite.PogoMetaMethodSite.callCurrent(PogoMetaMethodSite.java:62)
	at org.codehaus.groovy.runtime.callsite.AbstractCallSite.callCurrent(AbstractCallSite.java:185)
	at io.restassured.internal.ResponseSpecificationImpl.statusCode(ResponseSpecificationImpl.groovy:135)
	at io.restassured.specification.ResponseSpecification$statusCode$0.callCurrent(Unknown Source)
	at io.restassured.internal.ResponseSpecificationImpl.statusCode(ResponseSpecificationImpl.groovy:143)
	at io.restassured.internal.ValidatableResponseOptionsImpl.statusCode(ValidatableResponseOptionsImpl.java:89)
	at com.trello.tests.TrelloAPIs.updateABoard(TrelloAPIs.java:79)
	at java.base/jdk.internal.reflect.NativeMethodAccessorImpl.invoke0(Native Method)
	at java.base/jdk.internal.reflect.NativeMethodAccessorImpl.invoke(NativeMethodAccessorImpl.java:62)
	at java.base/jdk.internal.reflect.DelegatingMethodAccessorImpl.invoke(DelegatingMethodAccessorImpl.java:43)
	at java.base/java.lang.reflect.Method.invoke(Method.java:566)
	at org.testng.internal.invokers.MethodInvocationHelper.invokeMethod(MethodInvocationHelper.java:139)
	at org.testng.internal.invokers.TestInvoker.invokeMethod(TestInvoker.java:664)
	at org.testng.internal.invokers.TestInvoker.invokeTestMethod(TestInvoker.java:227)
	at org.testng.internal.invokers.MethodRunner.runInSequence(MethodRunner.java:50)
	at org.testng.internal.invokers.TestInvoker$MethodInvocationAgent.invoke(TestInvoker.java:957)
	at org.testng.internal.invokers.TestInvoker.invokeTestMethods(TestInvoker.java:200)
	at org.testng.internal.invokers.TestMethodWorker.invokeTestMethods(TestMethodWorker.java:148)
	at org.testng.internal.invokers.TestMethodWorker.run(TestMethodWorker.java:128)
	at java.base/java.util.concurrent.ThreadPoolExecutor.runWorker(ThreadPoolExecutor.java:1128)
	at java.base/java.util.concurrent.ThreadPoolExecutor$Worker.run(ThreadPoolExecutor.java:628)
	at java.base/java.lang.Thread.run(Thread.java:829)
]]></failure>
    <system-out><![CDATA[unauthorized organization.
]]></system-out>
  </testcase>
  <testcase name="createList" classname="com.trello.tests.TrelloAPIs" time="1.26">
    <system-out><![CDATA[HTTP/1.1 200 OK
Date: Thu, 29 Feb 2024 09:06:20 GMT
Content-Type: application/json; charset=utf-8
Content-Length: 136
Referrer-Policy: strict-origin-when-cross-origin
X-Dns-Prefetch-Control: off
X-Download-Options: noopen
X-Frame-Options: DENY
X-Permitted-Cross-Domain-Policies: none
Surrogate-Control: no-store
Cache-Control: max-age=0, must-revalidate, no-cache, no-store
Expires: Thu, 01 Jan 1970 00:00:00
X-Trello-Version: 1.260326.0
X-Trello-Environment: Production
Access-Control-Allow-Origin: *
Access-Control-Allow-Methods: GET, PUT, POST, DELETE
Access-Control-Allow-Headers: Authorization, Accept, Content-Type
Access-Control-Expose-Headers: x-rate-limit-api-key-interval-ms, x-rate-limit-api-key-max, x-rate-limit-api-key-remaining, x-rate-limit-api-token-interval-ms, x-rate-limit-api-token-max, x-rate-limit-api-token-remaining
X-Rate-Limit-Db-Query-Time-Interval-Ms: 600000
X-Rate-Limit-Db-Query-Time-Max: 7200000
X-Rate-Limit-Db-Query-Time-Remaining: 7199990
X-Rate-Limit-Api-Token-Interval-Ms: 10000
X-Rate-Limit-Api-Token-Max: 100
X-Rate-Limit-Api-Token-Remaining: 92
X-Rate-Limit-Api-Key-Interval-Ms: 10000
X-Rate-Limit-Api-Key-Max: 300
X-Rate-Limit-Api-Key-Remaining: 292
X-Rate-Limit-Member-Interval-Ms: 10000
X-Rate-Limit-Member-Max: 375
X-Rate-Limit-Member-Remaining: 367
X-Server-Time: 1709197580031
Server: AtlassianEdge
X-Content-Type-Options: nosniff
X-Xss-Protection: 1; mode=block
Atl-Traceid: d690fdd4911440f39728e8b731087014
Report-To: {"endpoints": [{"url": "https://dz8aopenkvv6s.cloudfront.net"}], "group": "endpoint-1", "include_subdomains": true, "max_age": 600}
Nel: {"failure_fraction": 0.001, "include_subdomains": true, "max_age": 600, "report_to": "endpoint-1"}
Strict-Transport-Security: max-age=63072000; preload

{
    "id": "65e0490b22e23c6b43aab354",
    "name": "list1",
    "closed": false,
    "color": null,
    "idBoard": "65e049014f7233058afa084a",
    "pos": 8192,
    "limits": {
        
    }
}
]]></system-out>
  </testcase>
  <testcase name="createCard" classname="com.trello.tests.TrelloAPIs" time="1.198">
    <system-out><![CDATA[HTTP/1.1 200 OK
Date: Thu, 29 Feb 2024 09:06:21 GMT
Content-Type: application/json; charset=utf-8
Content-Length: 1109
Referrer-Policy: strict-origin-when-cross-origin
X-Dns-Prefetch-Control: off
X-Download-Options: noopen
X-Frame-Options: DENY
X-Permitted-Cross-Domain-Policies: none
Surrogate-Control: no-store
Cache-Control: max-age=0, must-revalidate, no-cache, no-store
Expires: Thu, 01 Jan 1970 00:00:00
X-Trello-Version: 1.260326.0
X-Trello-Environment: Production
Access-Control-Allow-Origin: *
Access-Control-Allow-Methods: GET, PUT, POST, DELETE
Access-Control-Allow-Headers: Authorization, Accept, Content-Type
Access-Control-Expose-Headers: x-rate-limit-api-key-interval-ms, x-rate-limit-api-key-max, x-rate-limit-api-key-remaining, x-rate-limit-api-token-interval-ms, x-rate-limit-api-token-max, x-rate-limit-api-token-remaining
X-Rate-Limit-Api-Token-Interval-Ms: 10000
X-Rate-Limit-Api-Token-Max: 100
X-Rate-Limit-Api-Token-Remaining: 99
X-Rate-Limit-Db-Query-Time-Interval-Ms: 600000
X-Rate-Limit-Db-Query-Time-Max: 7200000
X-Rate-Limit-Db-Query-Time-Remaining: 7199990
X-Rate-Limit-Api-Key-Interval-Ms: 10000
X-Rate-Limit-Api-Key-Max: 300
X-Rate-Limit-Api-Key-Remaining: 299
X-Rate-Limit-Member-Interval-Ms: 10000
X-Rate-Limit-Member-Max: 375
X-Rate-Limit-Member-Remaining: 374
X-Server-Time: 1709197581230
Server: AtlassianEdge
X-Content-Type-Options: nosniff
X-Xss-Protection: 1; mode=block
Atl-Traceid: 1c943e79e89e43daaf6ffdb7eef34e7d
Report-To: {"endpoints": [{"url": "https://dz8aopenkvv6s.cloudfront.net"}], "group": "endpoint-1", "include_subdomains": true, "max_age": 600}
Nel: {"failure_fraction": 0.001, "include_subdomains": true, "max_age": 600, "report_to": "endpoint-1"}
Strict-Transport-Security: max-age=63072000; preload

{
    "id": "65e0490d1a7a469db797be74",
    "badges": {
        "attachmentsByType": {
            "trello": {
                "board": 0,
                "card": 0
            }
        },
        "location": false,
        "votes": 0,
        "viewingMemberVoted": false,
        "subscribed": false,
        "fogbugz": "",
        "checkItems": 0,
        "checkItemsChecked": 0,
        "checkItemsEarliestDue": null,
        "comments": 0,
        "attachments": 0,
        "description": false,
        "due": null,
        "dueComplete": false,
        "start": null
    },
    "checkItemStates": [
        
    ],
    "closed": false,
    "dueComplete": false,
    "dateLastActivity": "2024-02-29T09:06:21.152Z",
    "desc": "",
    "descData": {
        "emoji": {
            
        }
    },
    "due": null,
    "dueReminder": null,
    "email": null,
    "idBoard": "65e049014f7233058afa084a",
    "idChecklists": [
        
    ],
    "idList": "65e0490b22e23c6b43aab354",
    "idMembers": [
        
    ],
    "idMembersVoted": [
        
    ],
    "idShort": 1,
    "idAttachmentCover": null,
    "labels": [
        
    ],
    "idLabels": [
        
    ],
    "manualCoverAttachment": false,
    "name": "card",
    "pos": 16384,
    "shortLink": "K4qPXt7O",
    "shortUrl": "https://trello.com/c/K4qPXt7O",
    "start": null,
    "subscribed": false,
    "url": "https://trello.com/c/K4qPXt7O/1-card",
    "cover": {
        "idAttachment": null,
        "color": null,
        "idUploadedBackground": null,
        "size": "normal",
        "brightness": "dark",
        "idPlugin": null
    },
    "isTemplate": false,
    "cardRole": null,
    "attachments": [
        
    ],
    "stickers": [
        
    ],
    "limits": {
        
    }
}
]]></system-out>
  </testcase>
  <testcase name="uploadAttachment" classname="com.trello.tests.TrelloAPIs" time="1.638">
    <system-out><![CDATA[HTTP/1.1 200 OK
Date: Thu, 29 Feb 2024 09:06:22 GMT
Content-Type: application/json; charset=utf-8
Content-Length: 382
Referrer-Policy: strict-origin-when-cross-origin
X-Dns-Prefetch-Control: off
X-Download-Options: noopen
X-Frame-Options: DENY
X-Permitted-Cross-Domain-Policies: none
Surrogate-Control: no-store
Cache-Control: max-age=0, must-revalidate, no-cache, no-store
Expires: Thu, 01 Jan 1970 00:00:00
X-Trello-Version: 1.260326.0
X-Trello-Environment: Production
Access-Control-Allow-Origin: *
Access-Control-Allow-Methods: GET, PUT, POST, DELETE
Access-Control-Allow-Headers: Authorization, Accept, Content-Type
Access-Control-Expose-Headers: x-rate-limit-api-key-interval-ms, x-rate-limit-api-key-max, x-rate-limit-api-key-remaining, x-rate-limit-api-token-interval-ms, x-rate-limit-api-token-max, x-rate-limit-api-token-remaining
X-Rate-Limit-Db-Query-Time-Interval-Ms: 600000
X-Rate-Limit-Db-Query-Time-Max: 7200000
X-Rate-Limit-Db-Query-Time-Remaining: 7199990
X-Rate-Limit-Api-Token-Interval-Ms: 10000
X-Rate-Limit-Api-Token-Max: 100
X-Rate-Limit-Api-Token-Remaining: 98
X-Rate-Limit-Api-Key-Interval-Ms: 10000
X-Rate-Limit-Api-Key-Max: 300
X-Rate-Limit-Api-Key-Remaining: 298
X-Rate-Limit-Member-Interval-Ms: 10000
X-Rate-Limit-Member-Max: 375
X-Rate-Limit-Member-Remaining: 373
X-Server-Time: 1709197582895
Server: AtlassianEdge
X-Content-Type-Options: nosniff
X-Xss-Protection: 1; mode=block
Atl-Traceid: 63045d9427c64ae28ff12ecd2ce9dc1c
Report-To: {"endpoints": [{"url": "https://dz8aopenkvv6s.cloudfront.net"}], "group": "endpoint-1", "include_subdomains": true, "max_age": 600}
Nel: {"failure_fraction": 0.001, "include_subdomains": true, "max_age": 600, "report_to": "endpoint-1"}
Strict-Transport-Security: max-age=63072000; preload

{
    "id": "65e0490ef4cedcdda57bd08f",
    "bytes": 2969,
    "date": "2024-02-29T09:06:22.504Z",
    "edgeColor": null,
    "idMember": "65cf8bfdd3de4c2ed2bc952b",
    "isUpload": true,
    "mimeType": "application/octet-stream",
    "name": "body.txt",
    "previews": [
        
    ],
    "url": "https://trello.com/1/cards/65e0490d1a7a469db797be74/attachments/65e0490ef4cedcdda57bd08f/download/body.txt",
    "pos": 16384,
    "fileName": "body.txt",
    "limits": {
        
    }
}
]]></system-out>
  </testcase>
  <testcase name="getCreatedBoardFail" classname="com.trello.tests.TrelloAPIs" time="1.048">
    <system-out><![CDATA[HTTP/1.1 200 OK
Date: Thu, 29 Feb 2024 09:06:23 GMT
Content-Type: application/json; charset=utf-8
Content-Length: 3449
Referrer-Policy: strict-origin-when-cross-origin
X-Dns-Prefetch-Control: off
X-Download-Options: noopen
X-Frame-Options: DENY
X-Permitted-Cross-Domain-Policies: none
Surrogate-Control: no-store
Cache-Control: max-age=0, must-revalidate, no-cache, no-store
Expires: Thu, 01 Jan 1970 00:00:00
X-Trello-Version: 1.260326.0
X-Trello-Environment: Production
Set-Cookie: dsc=19ea9633f2b9083851bdcacc439d7551335590c1b814ecf1c4c51c2302783afe; Path=/; Expires=Thu, 14 Mar 2024 09:06:23 GMT; Secure; SameSite=None
Access-Control-Allow-Origin: *
Access-Control-Allow-Methods: GET, PUT, POST, DELETE
Access-Control-Allow-Headers: Authorization, Accept, Content-Type
Access-Control-Expose-Headers: x-rate-limit-api-key-interval-ms, x-rate-limit-api-key-max, x-rate-limit-api-key-remaining, x-rate-limit-api-token-interval-ms, x-rate-limit-api-token-max, x-rate-limit-api-token-remaining
X-Rate-Limit-Api-Token-Interval-Ms: 10000
X-Rate-Limit-Api-Token-Max: 100
X-Rate-Limit-Api-Token-Remaining: 97
X-Rate-Limit-Db-Query-Time-Interval-Ms: 600000
X-Rate-Limit-Db-Query-Time-Max: 7200000
X-Rate-Limit-Db-Query-Time-Remaining: 7199990
X-Rate-Limit-Api-Key-Interval-Ms: 10000
X-Rate-Limit-Api-Key-Max: 300
X-Rate-Limit-Api-Key-Remaining: 297
X-Rate-Limit-Member-Interval-Ms: 10000
X-Rate-Limit-Member-Max: 375
X-Rate-Limit-Member-Remaining: 372
X-Server-Time: 1709197583905
Server: AtlassianEdge
X-Content-Type-Options: nosniff
X-Xss-Protection: 1; mode=block
Atl-Traceid: 735f5b616fe44168b380c33c7968d9cc
Report-To: {"endpoints": [{"url": "https://dz8aopenkvv6s.cloudfront.net"}], "group": "endpoint-1", "include_subdomains": true, "max_age": 600}
Nel: {"failure_fraction": 0.001, "include_subdomains": true, "max_age": 600, "report_to": "endpoint-1"}
Strict-Transport-Security: max-age=63072000; preload

{
    "id": "65e049014f7233058afa084a",
    "name": "Robin Meeblind",
    "desc": "",
    "descData": null,
    "closed": false,
    "idOrganization": "65cf8c1e96387defbdc819aa",
    "idEnterprise": null,
    "pinned": false,
    "url": "https://trello.com/b/Rf7Kmn1U/robin-meeblind",
    "shortUrl": "https://trello.com/b/Rf7Kmn1U",
    "prefs": {
        "permissionLevel": "private",
        "hideVotes": false,
        "voting": "disabled",
        "comments": "members",
        "invitations": "members",
        "selfJoin": true,
        "cardCovers": true,
        "cardCounts": false,
        "isTemplate": false,
        "cardAging": "regular",
        "calendarFeedEnabled": false,
        "hiddenPluginBoardButtons": [
            
        ],
        "switcherViews": [
            {
                "viewType": "Board",
                "enabled": true
            },
            {
                "viewType": "Table",
                "enabled": true
            },
            {
                "viewType": "Calendar",
                "enabled": false
            },
            {
                "viewType": "Dashboard",
                "enabled": false
            },
            {
                "viewType": "Timeline",
                "enabled": false
            },
            {
                "viewType": "Map",
                "enabled": false
            }
        ],
        "background": "63f4a900c47e16d9d3f05ef7",
        "backgroundColor": null,
        "backgroundImage": "https://trello-backgrounds.s3.amazonaws.com/SharedBackground/original/18e425e4d66e20a48a2030271a79ae05/photo-1676694090990-b9e29828fdd3",
        "backgroundTile": false,
        "backgroundBrightness": "light",
        "backgroundImageScaled": [
            {
                "width": 140,
                "height": 100,
                "url": "https://trello-backgrounds.s3.amazonaws.com/SharedBackground/140x100/d370fa9b15b0602455c7795dde013cd1/photo-1676694090990-b9e29828fdd3.jpg"
            },
            {
                "width": 256,
                "height": 183,
                "url": "https://trello-backgrounds.s3.amazonaws.com/SharedBackground/256x183/d370fa9b15b0602455c7795dde013cd1/photo-1676694090990-b9e29828fdd3.jpg"
            },
            {
                "width": 480,
                "height": 343,
                "url": "https://trello-backgrounds.s3.amazonaws.com/SharedBackground/480x343/d370fa9b15b0602455c7795dde013cd1/photo-1676694090990-b9e29828fdd3.jpg"
            },
            {
                "width": 960,
                "height": 686,
                "url": "https://trello-backgrounds.s3.amazonaws.com/SharedBackground/960x686/d370fa9b15b0602455c7795dde013cd1/photo-1676694090990-b9e29828fdd3.jpg"
            },
            {
                "width": 1024,
                "height": 732,
                "url": "https://trello-backgrounds.s3.amazonaws.com/SharedBackground/1024x732/d370fa9b15b0602455c7795dde013cd1/photo-1676694090990-b9e29828fdd3.jpg"
            },
            {
                "width": 1280,
                "height": 915,
                "url": "https://trello-backgrounds.s3.amazonaws.com/SharedBackground/1280x915/d370fa9b15b0602455c7795dde013cd1/photo-1676694090990-b9e29828fdd3.jpg"
            },
            {
                "width": 1920,
                "height": 1372,
                "url": "https://trello-backgrounds.s3.amazonaws.com/SharedBackground/1920x1372/d370fa9b15b0602455c7795dde013cd1/photo-1676694090990-b9e29828fdd3.jpg"
            },
            {
                "width": 2048,
                "height": 1463,
                "url": "https://trello-backgrounds.s3.amazonaws.com/SharedBackground/2048x1463/d370fa9b15b0602455c7795dde013cd1/photo-1676694090990-b9e29828fdd3.jpg"
            },
            {
                "width": 2239,
                "height": 1600,
                "url": "https://trello-backgrounds.s3.amazonaws.com/SharedBackground/2239x1600/d370fa9b15b0602455c7795dde013cd1/photo-1676694090990-b9e29828fdd3.jpg"
            },
            {
                "width": 2560,
                "height": 1829,
                "url": "https://trello-backgrounds.s3.amazonaws.com/SharedBackground/original/18e425e4d66e20a48a2030271a79ae05/photo-1676694090990-b9e29828fdd3"
            }
        ],
        "backgroundBottomColor": "#c0906c",
        "backgroundTopColor": "#bcbcbc",
        "canBePublic": true,
        "canBeEnterprise": true,
        "canBeOrg": true,
        "canBePrivate": true,
        "canInvite": true
    },
    "labelNames": {
        "green": "",
        "yellow": "",
        "orange": "",
        "red": "",
        "purple": "",
        "blue": "",
        "sky": "",
        "lime": "",
        "pink": "",
        "black": "",
        "green_dark": "",
        "yellow_dark": "",
        "orange_dark": "",
        "red_dark": "",
        "purple_dark": "",
        "blue_dark": "",
        "sky_dark": "",
        "lime_dark": "",
        "pink_dark": "",
        "black_dark": "",
        "green_light": "",
        "yellow_light": "",
        "orange_light": "",
        "red_light": "",
        "purple_light": "",
        "blue_light": "",
        "sky_light": "",
        "lime_light": "",
        "pink_light": "",
        "black_light": ""
    }
}
]]></system-out>
  </testcase>
</testsuite>